-------------------------------------------------------------------------------
Test set: de.vahrson.blast.UrlBlastClientTest
-------------------------------------------------------------------------------
Tests run: 3, Failures: 1, Errors: 0, Skipped: 0, Time elapsed: 0.038 sec <<< FAILURE!
testFilterProperties(de.vahrson.blast.UrlBlastClientTest)  Time elapsed: 0.003 sec  <<< FAILURE!
junit.framework.AssertionFailedError
	at junit.framework.Assert.fail(Assert.java:47)
	at junit.framework.Assert.assertTrue(Assert.java:20)
	at junit.framework.Assert.assertTrue(Assert.java:27)
	at de.vahrson.blast.UrlBlastClientTest.testFilterProperties(UrlBlastClientTest.java:45)

